{"level":"info","message":"Listening on port 5000","timestamp":"2026-04-06T06:24:15.721Z"}
{"level":"info","message":"Listening on port 5000","timestamp":"2026-04-06T06:47:09.487Z"}
{"level":"info","message":"Listening on port 5000","timestamp":"2026-06-22T04:52:44.348Z"}
{"level":"info","message":"404 POST /api/upload 6ms","meta":{},"timestamp":"2026-06-22T05:19:46.723Z"}
{"level":"info","message":"404 POST /api/upload 84ms","meta":{},"timestamp":"2026-06-22T05:20:31.664Z"}
{"level":"info","message":"Listening on port 5000","timestamp":"2026-06-22T05:24:06.384Z"}
{"level":"info","message":"201 POST /api/upload 91ms","meta":{},"timestamp":"2026-06-22T05:24:14.969Z"}
{"level":"info","message":"Listening on port 5000","timestamp":"2026-06-22T05:28:21.675Z"}
{"level":"info","message":"200 GET /api/logs 128ms","meta":{},"timestamp":"2026-06-22T05:28:40.107Z"}
{"level":"info","message":"200 GET /api/logs?severity=HIGH 83ms","meta":{},"timestamp":"2026-06-22T05:35:22.695Z"}
{"level":"info","message":"200 GET /api/logs?severity=HIG 79ms","meta":{},"timestamp":"2026-06-22T05:35:27.759Z"}
{"level":"info","message":"200 GET /api/logs?severity=HIGH 73ms","meta":{},"timestamp":"2026-06-22T05:35:34.295Z"}
{"level":"info","message":"200 GET /api/logs?sortField=timestamp&sortOrder=asc 71ms","meta":{},"timestamp":"2026-06-22T05:36:01.522Z"}
{"level":"info","message":"200 GET /api/logs?sortField=timestamp&sortOrder=desc 73ms","meta":{},"timestamp":"2026-06-22T05:36:09.758Z"}
{"level":"info","message":"200 GET /api/logs?sortField=timestamp&sortOrder=des 74ms","meta":{},"timestamp":"2026-06-22T05:36:15.254Z"}
{"level":"info","message":"200 GET /api/logs?page=1&limit=10&search=&severity= 71ms","meta":{},"timestamp":"2026-06-22T06:03:48.630Z"}
{"level":"info","message":"304 GET /api/logs?page=1&limit=10&search=&severity= 72ms","meta":{},"timestamp":"2026-06-22T06:03:48.709Z"}
{"level":"info","message":"304 GET /api/logs?page=1&limit=10&search=&severity= 76ms","meta":{},"timestamp":"2026-06-22T06:04:09.699Z"}
{"level":"info","message":"304 GET /api/logs?page=1&limit=10&search=&severity= 70ms","meta":{},"timestamp":"2026-06-22T06:04:09.771Z"}
{"level":"info","message":"304 GET /api/logs?page=1&limit=10&search=&severity= 68ms","meta":{},"timestamp":"2026-06-22T06:05:12.027Z"}
{"level":"info","message":"304 GET /api/logs?page=1&limit=10&search=&severity= 69ms","meta":{},"timestamp":"2026-06-22T06:05:12.098Z"}
{"level":"info","message":"304 GET /api/logs?page=1&limit=10&search=&severity= 68ms","meta":{},"timestamp":"2026-06-22T06:05:41.632Z"}
{"level":"info","message":"304 GET /api/logs?page=1&limit=10&search=&severity= 68ms","meta":{},"timestamp":"2026-06-22T06:05:41.701Z"}
{"level":"info","message":"304 GET /api/logs?page=1&limit=10&search=&severity= 68ms","meta":{},"timestamp":"2026-06-22T06:05:42.928Z"}
{"level":"info","message":"304 GET /api/logs?page=1&limit=10&search=&severity= 68ms","meta":{},"timestamp":"2026-06-22T06:05:42.998Z"}
{"level":"info","message":"304 GET /api/logs?page=1&limit=10&search=&severity= 69ms","meta":{},"timestamp":"2026-06-22T06:05:43.924Z"}
{"level":"info","message":"304 GET /api/logs?page=1&limit=10&search=&severity= 71ms","meta":{},"timestamp":"2026-06-22T06:05:43.997Z"}
{"level":"info","message":"304 GET /api/logs?page=1&limit=10&search=&severity= 70ms","meta":{},"timestamp":"2026-06-22T06:09:38.262Z"}
{"level":"info","message":"304 GET /api/logs?page=1&limit=10&search=&severity= 69ms","meta":{},"timestamp":"2026-06-22T06:09:38.333Z"}
{"level":"info","message":"200 GET /api/logs?page=1&limit=10&search=p&severity= 72ms","meta":{},"timestamp":"2026-06-22T06:09:45.544Z"}
{"level":"info","message":"304 GET /api/logs?page=1&limit=10&search=&severity= 69ms","meta":{},"timestamp":"2026-06-22T06:09:46.709Z"}
{"level":"info","message":"200 GET /api/logs?page=1&limit=10&search=m&severity= 69ms","meta":{},"timestamp":"2026-06-22T06:09:47.498Z"}
{"level":"info","message":"200 GET /api/logs?page=1&limit=10&search=mu&severity= 69ms","meta":{},"timestamp":"2026-06-22T06:09:47.914Z"}
{"level":"info","message":"304 GET /api/logs?page=1&limit=10&search=m&severity= 69ms","meta":{},"timestamp":"2026-06-22T06:09:49.046Z"}
{"level":"info","message":"304 GET /api/logs?page=1&limit=10&search=&severity= 70ms","meta":{},"timestamp":"2026-06-22T06:09:50.944Z"}
{"level":"info","message":"200 GET /api/logs?page=1&limit=10&search=&severity=HIGH 72ms","meta":{},"timestamp":"2026-06-22T06:09:53.667Z"}
{"level":"info","message":"200 GET /api/logs?page=1&limit=10&search=&severity=MEDIUM 69ms","meta":{},"timestamp":"2026-06-22T06:09:55.485Z"}
{"level":"info","message":"200 GET /api/logs?page=1&limit=10&search=&severity=LOW 71ms","meta":{},"timestamp":"2026-06-22T06:09:57.625Z"}
{"level":"info","message":"304 GET /api/logs?page=1&limit=10&search=&severity= 75ms","meta":{},"timestamp":"2026-06-22T06:11:18.372Z"}
{"level":"info","message":"304 GET /api/logs?page=1&limit=10&search=&severity= 73ms","meta":{},"timestamp":"2026-06-22T06:11:18.446Z"}
{"level":"info","message":"200 GET /api/logs?page=1&limit=10&search=&severity=&status= 88ms","meta":{},"timestamp":"2026-06-22T06:11:26.355Z"}
{"level":"info","message":"304 GET /api/logs?page=1&limit=10&search=&severity=&status= 74ms","meta":{},"timestamp":"2026-06-22T06:11:35.358Z"}
{"level":"info","message":"304 GET /api/logs?page=1&limit=10&search=&severity=&status= 65ms","meta":{},"timestamp":"2026-06-22T06:11:55.332Z"}
{"level":"info","message":"304 GET /api/logs?page=1&limit=10&search=&severity=&status= 81ms","meta":{},"timestamp":"2026-06-22T06:12:07.352Z"}
{"level":"info","message":"304 GET /api/logs?page=1&limit=10&search=&severity=&status= 69ms","meta":{},"timestamp":"2026-06-22T06:12:07.422Z"}
{"level":"info","message":"200 GET /api/logs?page=1&limit=10&search=&severity=&status=&sortField=timestamp&sortOrder=desc 69ms","meta":{},"timestamp":"2026-06-22T06:12:15.332Z"}
{"level":"info","message":"304 GET /api/logs?page=1&limit=10&search=&severity=&status=&sortField=timestamp&sortOrder=desc 67ms","meta":{},"timestamp":"2026-06-22T06:12:25.329Z"}
{"level":"info","message":"304 GET /api/logs?page=1&limit=10&search=&severity=&status=&sortField=timestamp&sortOrder=desc 66ms","meta":{},"timestamp":"2026-06-22T06:12:37.332Z"}
{"level":"info","message":"304 GET /api/logs?page=1&limit=10&search=&severity=&status=&sortField=timestamp&sortOrder=desc 71ms","meta":{},"timestamp":"2026-06-22T06:12:56.334Z"}
{"level":"info","message":"304 GET /api/logs?page=1&limit=10&search=&severity=&status=&sortField=timestamp&sortOrder=desc 83ms","meta":{},"timestamp":"2026-06-22T06:13:04.382Z"}
{"level":"info","message":"304 GET /api/logs?page=1&limit=10&search=&severity=&status=&sortField=timestamp&sortOrder=desc 71ms","meta":{},"timestamp":"2026-06-22T06:13:32.343Z"}
{"level":"info","message":"304 GET /api/logs?page=1&limit=10&search=&severity=&status=&sortField=timestamp&sortOrder=desc 69ms","meta":{},"timestamp":"2026-06-22T06:21:27.625Z"}
{"level":"info","message":"304 GET /api/logs?page=1&limit=10&search=&severity=&status=&sortField=timestamp&sortOrder=desc 71ms","meta":{},"timestamp":"2026-06-22T06:21:27.698Z"}
{"level":"info","message":"304 GET /api/logs?page=1&limit=10&search=&severity=&status=&sortField=timestamp&sortOrder=desc 72ms","meta":{},"timestamp":"2026-06-22T06:21:40.358Z"}
{"level":"info","message":"304 GET /api/logs?page=1&limit=10&search=&severity=&status=&sortField=timestamp&sortOrder=desc 71ms","meta":{},"timestamp":"2026-06-22T06:21:55.924Z"}
{"level":"info","message":"204 OPTIONS /api/upload 1ms","meta":{},"timestamp":"2026-06-22T06:26:07.856Z"}
{"level":"info","message":"201 POST /api/upload 104ms","meta":{},"timestamp":"2026-06-22T06:26:07.962Z"}
{"level":"info","message":"200 GET /api/logs?page=1&limit=10&search=&severity=&status=&sortField=timestamp&sortOrder=desc 72ms","meta":{},"timestamp":"2026-06-22T06:26:10.327Z"}
{"level":"info","message":"304 GET /api/logs?page=1&limit=10&search=&severity=&status=&sortField=timestamp&sortOrder=desc 69ms","meta":{},"timestamp":"2026-06-22T06:26:20.230Z"}
{"level":"info","message":"304 GET /api/logs?page=1&limit=10&search=&severity=&status=&sortField=timestamp&sortOrder=desc 72ms","meta":{},"timestamp":"2026-06-22T06:26:20.304Z"}
{"level":"info","message":"200 GET /api/logs?page=1&limit=10&search=&severity=&status=&sortField=timestamp&sortOrder=asc 71ms","meta":{},"timestamp":"2026-06-22T06:26:47.408Z"}
{"level":"info","message":"200 GET /api/logs?page=1&limit=10&search=&severity=&status=Resolved&sortField=timestamp&sortOrder=asc 72ms","meta":{},"timestamp":"2026-06-22T06:26:51.876Z"}
{"level":"info","message":"200 GET /api/logs?page=1&limit=10&search=&severity=HIGH&status=Resolved&sortField=timestamp&sortOrder=asc 69ms","meta":{},"timestamp":"2026-06-22T06:26:55.489Z"}
{"level":"info","message":"200 GET /api/logs?page=1&limit=10&search=&severity=LOW&status=Resolved&sortField=timestamp&sortOrder=asc 70ms","meta":{},"timestamp":"2026-06-22T06:26:58.266Z"}
{"level":"info","message":"304 GET /api/logs?page=1&limit=10&search=&severity=LOW&status=Resolved&sortField=timestamp&sortOrder=asc 66ms","meta":{},"timestamp":"2026-06-22T06:30:02.336Z"}
{"level":"info","message":"304 GET /api/logs?page=1&limit=10&search=&severity=LOW&status=Resolved&sortField=timestamp&sortOrder=asc 67ms","meta":{},"timestamp":"2026-06-22T06:30:40.339Z"}
{"level":"info","message":"304 GET /api/logs?page=1&limit=10&search=&severity=LOW&status=Resolved&sortField=timestamp&sortOrder=asc 74ms","meta":{},"timestamp":"2026-06-22T06:30:55.337Z"}
{"level":"info","message":"304 GET /api/logs?page=1&limit=10&search=&severity=LOW&status=Resolved&sortField=timestamp&sortOrder=asc 66ms","meta":{},"timestamp":"2026-06-22T06:30:56.332Z"}
{"level":"info","message":"201 POST /api/upload 54ms","meta":{},"timestamp":"2026-06-22T06:31:36.087Z"}
{"level":"info","message":"200 GET /api/logs?page=1&limit=10&search=&severity=LOW&status=Resolved&sortField=timestamp&sortOrder=asc 72ms","meta":{},"timestamp":"2026-06-22T06:31:38.835Z"}
{"level":"info","message":"200 GET /api/logs?page=1&limit=10&search=&severity=&status=&sortField=timestamp&sortOrder=desc 70ms","meta":{},"timestamp":"2026-06-22T06:31:42.244Z"}
{"level":"info","message":"200 GET /api/logs?page=2&limit=10&search=&severity=&status=&sortField=timestamp&sortOrder=desc 65ms","meta":{},"timestamp":"2026-06-22T06:31:45.757Z"}
{"level":"info","message":"304 GET /api/logs?page=1&limit=10&search=&severity=&status=&sortField=timestamp&sortOrder=desc 71ms","meta":{},"timestamp":"2026-06-22T06:31:48.206Z"}
{"level":"info","message":"304 GET /api/logs?page=2&limit=10&search=&severity=&status=&sortField=timestamp&sortOrder=desc 67ms","meta":{},"timestamp":"2026-06-22T06:31:52.692Z"}
{"level":"info","message":"304 GET /api/logs?page=1&limit=10&search=&severity=&status=&sortField=timestamp&sortOrder=desc 76ms","meta":{},"timestamp":"2026-06-22T06:31:54.520Z"}
{"level":"info","message":"304 GET /api/logs?page=1&limit=10&search=&severity=&status=&sortField=timestamp&sortOrder=desc 70ms","meta":{},"timestamp":"2026-06-22T06:36:51.335Z"}
{"level":"info","message":"304 GET /api/logs?page=1&limit=10&search=&severity=&status=&sortField=timestamp&sortOrder=desc 70ms","meta":{},"timestamp":"2026-06-22T06:37:02.085Z"}
{"level":"info","message":"304 GET /api/logs?page=1&limit=10&search=&severity=&status=&sortField=timestamp&sortOrder=desc 76ms","meta":{},"timestamp":"2026-06-22T06:37:02.164Z"}
{"level":"info","message":"304 GET /api/logs?page=1&limit=10&search=&severity=&status=&sortField=timestamp&sortOrder=desc 68ms","meta":{},"timestamp":"2026-06-22T06:38:42.352Z"}
{"level":"info","message":"200 GET /api/logs?page=1&limit=10&search=&severity=HIGH&status=&sortField=timestamp&sortOrder=desc 71ms","meta":{},"timestamp":"2026-06-22T06:38:57.991Z"}
{"level":"info","message":"304 GET /api/logs?page=1&limit=10&search=&severity=&status=&sortField=timestamp&sortOrder=desc 73ms","meta":{},"timestamp":"2026-06-22T06:39:00.175Z"}
{"level":"info","message":"304 GET /api/logs?page=2&limit=10&search=&severity=&status=&sortField=timestamp&sortOrder=desc 76ms","meta":{},"timestamp":"2026-06-22T06:39:02.801Z"}
{"level":"info","message":"304 GET /api/logs?page=1&limit=10&search=&severity=&status=&sortField=timestamp&sortOrder=desc 79ms","meta":{},"timestamp":"2026-06-22T06:53:55.164Z"}
{"level":"info","message":"304 GET /api/logs?page=1&limit=10&search=&severity=&status=&sortField=timestamp&sortOrder=desc 71ms","meta":{},"timestamp":"2026-06-22T06:54:52.342Z"}
{"level":"info","message":"404 GET /api/dashboard-stats 24ms","meta":{},"timestamp":"2026-06-22T07:00:16.294Z"}
{"level":"info","message":"Listening on port 5000","timestamp":"2026-06-22T07:00:32.316Z"}
{"level":"info","message":"200 GET /api/dashboard-stats 213ms","meta":{},"timestamp":"2026-06-22T07:00:47.690Z"}
{"level":"info","message":"304 GET /api/logs?page=1&limit=10&search=&severity=&status=&sortField=timestamp&sortOrder=desc 77ms","meta":{},"timestamp":"2026-06-22T07:01:23.366Z"}
{"level":"info","message":"304 GET /api/logs?page=1&limit=10&search=&severity=&status=&sortField=timestamp&sortOrder=desc 72ms","meta":{},"timestamp":"2026-06-22T07:01:23.441Z"}
{"level":"info","message":"304 GET /api/logs?page=1&limit=10&search=&severity=&status=&sortField=timestamp&sortOrder=desc 70ms","meta":{},"timestamp":"2026-06-22T07:01:37.350Z"}
{"level":"info","message":"304 GET /api/logs?page=1&limit=10&search=&severity=&status=&sortField=timestamp&sortOrder=desc 70ms","meta":{},"timestamp":"2026-06-22T07:01:37.422Z"}
{"level":"info","message":"304 GET /api/logs?page=1&limit=10&search=&severity=&status=&sortField=timestamp&sortOrder=desc 69ms","meta":{},"timestamp":"2026-06-22T07:01:57.334Z"}
{"level":"info","message":"200 GET /api/dashboard-stats 403ms","meta":{},"timestamp":"2026-06-22T07:01:57.672Z"}
{"level":"info","message":"304 GET /api/logs?page=1&limit=10&search=&severity=&status=&sortField=timestamp&sortOrder=desc 60ms","meta":{},"timestamp":"2026-06-22T07:02:05.323Z"}
{"level":"info","message":"304 GET /api/logs?page=1&limit=10&search=&severity=&status=&sortField=timestamp&sortOrder=desc 64ms","meta":{},"timestamp":"2026-06-22T07:02:08.330Z"}
{"level":"info","message":"304 GET /api/logs?page=1&limit=10&search=&severity=&status=&sortField=timestamp&sortOrder=desc 69ms","meta":{},"timestamp":"2026-06-22T07:02:08.400Z"}
{"level":"info","message":"304 GET /api/dashboard-stats 166ms","meta":{},"timestamp":"2026-06-22T07:02:08.434Z"}
{"level":"info","message":"304 GET /api/dashboard-stats 151ms","meta":{},"timestamp":"2026-06-22T07:02:08.586Z"}
{"level":"info","message":"304 GET /api/logs?page=1&limit=10&search=&severity=&status=&sortField=timestamp&sortOrder=desc 66ms","meta":{},"timestamp":"2026-06-22T07:02:23.344Z"}
{"level":"info","message":"304 GET /api/dashboard-stats 126ms","meta":{},"timestamp":"2026-06-22T07:02:23.406Z"}
{"level":"info","message":"304 GET /api/logs?page=1&limit=10&search=&severity=&status=&sortField=timestamp&sortOrder=desc 67ms","meta":{},"timestamp":"2026-06-22T07:02:58.887Z"}
{"level":"info","message":"304 GET /api/logs?page=1&limit=10&search=&severity=&status=&sortField=timestamp&sortOrder=desc 68ms","meta":{},"timestamp":"2026-06-22T07:02:58.957Z"}
{"level":"info","message":"304 GET /api/dashboard-stats 140ms","meta":{},"timestamp":"2026-06-22T07:02:58.965Z"}
{"level":"info","message":"304 GET /api/dashboard-stats 144ms","meta":{},"timestamp":"2026-06-22T07:02:59.112Z"}
{"level":"info","message":"304 GET /api/logs?page=1&limit=10&search=&severity=&status=&sortField=timestamp&sortOrder=desc 131ms","meta":{},"timestamp":"2026-06-22T07:34:43.648Z"}
{"level":"info","message":"304 GET /api/dashboard-stats 171ms","meta":{},"timestamp":"2026-06-22T07:34:43.718Z"}
{"level":"info","message":"200 GET /api/logs?page=1&limit=10&search=&severity=&status=&sortField=timestamp&sortOrder=desc 64ms","meta":{},"timestamp":"2026-06-22T07:34:43.721Z"}
{"level":"info","message":"304 GET /api/logs?page=1&limit=10&search=&severity=&status=&sortField=timestamp&sortOrder=desc 64ms","meta":{},"timestamp":"2026-06-22T07:34:43.790Z"}
{"level":"info","message":"200 GET /api/dashboard-stats 375ms","meta":{},"timestamp":"2026-06-22T07:34:44.037Z"}
{"level":"info","message":"200 GET /api/dashboard-stats 446ms","meta":{},"timestamp":"2026-06-22T07:34:44.053Z"}
{"level":"info","message":"304 GET /api/dashboard-stats 115ms","meta":{},"timestamp":"2026-06-22T07:34:44.154Z"}
{"level":"info","message":"304 GET /api/logs?page=1&limit=10&search=&severity=&status=&sortField=timestamp&sortOrder=desc 60ms","meta":{},"timestamp":"2026-06-22T07:35:04.690Z"}
{"level":"info","message":"304 GET /api/logs?page=1&limit=10&search=&severity=&status=&sortField=timestamp&sortOrder=desc 68ms","meta":{},"timestamp":"2026-06-22T07:35:04.760Z"}
{"level":"info","message":"304 GET /api/dashboard-stats 138ms","meta":{},"timestamp":"2026-06-22T07:35:04.771Z"}
{"level":"info","message":"304 GET /api/dashboard-stats 127ms","meta":{},"timestamp":"2026-06-22T07:35:04.900Z"}
{"level":"info","message":"200 GET /api/logs?page=1&limit=10&search=&severity=&status=&sortField=timestamp&sortOrder=desc 62ms","meta":{},"timestamp":"2026-06-22T07:37:57.155Z"}
{"level":"info","message":"200 GET /api/logs?page=1&limit=10&search=&severity=&status=&sortField=timestamp&sortOrder=desc 68ms","meta":{},"timestamp":"2026-06-22T07:37:57.160Z"}
{"level":"info","message":"200 GET /api/dashboard-stats 121ms","meta":{},"timestamp":"2026-06-22T07:37:57.212Z"}
{"level":"info","message":"200 GET /api/dashboard-stats 128ms","meta":{},"timestamp":"2026-06-22T07:37:57.223Z"}
{"level":"info","message":"200 GET /api/logs?page=1&limit=10&search=&severity=&status=&sortField=timestamp&sortOrder=desc 66ms","meta":{},"timestamp":"2026-06-22T07:38:52.364Z"}
{"level":"info","message":"200 GET /api/logs?page=1&limit=10&search=&severity=&status=&sortField=timestamp&sortOrder=desc 65ms","meta":{},"timestamp":"2026-06-22T07:38:52.374Z"}
{"level":"info","message":"200 GET /api/dashboard-stats 127ms","meta":{},"timestamp":"2026-06-22T07:38:52.427Z"}
{"level":"info","message":"200 GET /api/dashboard-stats 130ms","meta":{},"timestamp":"2026-06-22T07:38:52.450Z"}
{"level":"info","message":"200 GET /api/logs?page=1&limit=10&search=&severity=&status=&sortField=timestamp&sortOrder=desc 72ms","meta":{},"timestamp":"2026-06-22T07:38:57.309Z"}
{"level":"info","message":"200 GET /api/logs?page=1&limit=10&search=&severity=&status=&sortField=timestamp&sortOrder=desc 75ms","meta":{},"timestamp":"2026-06-22T07:38:57.316Z"}
{"level":"info","message":"200 GET /api/dashboard-stats 131ms","meta":{},"timestamp":"2026-06-22T07:38:57.369Z"}
{"level":"info","message":"200 GET /api/dashboard-stats 145ms","meta":{},"timestamp":"2026-06-22T07:38:57.388Z"}
{"level":"info","message":"200 GET /api/logs?page=1&limit=10&search=&severity=&status=&sortField=timestamp&sortOrder=desc 78ms","meta":{},"timestamp":"2026-06-22T07:39:18.035Z"}
{"level":"info","message":"200 GET /api/logs?page=1&limit=10&search=&severity=&status=&sortField=timestamp&sortOrder=desc 75ms","meta":{},"timestamp":"2026-06-22T07:39:18.039Z"}
{"level":"info","message":"200 GET /api/dashboard-stats 135ms","meta":{},"timestamp":"2026-06-22T07:39:18.095Z"}
{"level":"info","message":"200 GET /api/dashboard-stats 132ms","meta":{},"timestamp":"2026-06-22T07:39:18.097Z"}
{"level":"info","message":"304 GET /api/logs?page=1&limit=10&search=&severity=&status=&sortField=timestamp&sortOrder=desc 66ms","meta":{},"timestamp":"2026-06-22T07:47:19.881Z"}
{"level":"info","message":"304 GET /api/dashboard-stats 128ms","meta":{},"timestamp":"2026-06-22T07:47:19.946Z"}
{"level":"info","message":"304 GET /api/logs?page=1&limit=10&search=&severity=&status=&sortField=timestamp&sortOrder=desc 75ms","meta":{},"timestamp":"2026-06-22T07:47:19.962Z"}
{"level":"info","message":"304 GET /api/dashboard-stats 137ms","meta":{},"timestamp":"2026-06-22T07:47:20.085Z"}
{"level":"info","message":"304 GET /api/logs?page=1&limit=10&search=&severity=&status=&sortField=timestamp&sortOrder=desc 899ms","meta":{},"timestamp":"2026-06-22T09:58:31.497Z"}
{"level":"info","message":"304 GET /api/dashboard-stats 919ms","meta":{},"timestamp":"2026-06-22T09:58:31.571Z"}
{"level":"info","message":"304 GET /api/logs?page=1&limit=10&search=&severity=&status=&sortField=timestamp&sortOrder=desc 187ms","meta":{},"timestamp":"2026-06-22T09:58:31.707Z"}
{"level":"info","message":"304 GET /api/dashboard-stats 193ms","meta":{},"timestamp":"2026-06-22T09:58:31.821Z"}
{"level":"info","message":"304 GET /api/logs?page=1&limit=10&search=&severity=&status=&sortField=timestamp&sortOrder=desc 65ms","meta":{},"timestamp":"2026-06-22T10:06:01.366Z"}
{"level":"info","message":"304 GET /api/logs?page=1&limit=10&search=&severity=&status=&sortField=timestamp&sortOrder=desc 64ms","meta":{},"timestamp":"2026-06-22T10:06:01.432Z"}
{"level":"info","message":"304 GET /api/dashboard-stats 144ms","meta":{},"timestamp":"2026-06-22T10:06:01.449Z"}
{"level":"info","message":"304 GET /api/dashboard-stats 146ms","meta":{},"timestamp":"2026-06-22T10:06:01.596Z"}
{"level":"info","message":"304 GET /api/logs?page=1&limit=10&search=&severity=&status=&sortField=timestamp&sortOrder=desc 79ms","meta":{},"timestamp":"2026-06-22T10:09:38.026Z"}
{"level":"info","message":"304 GET /api/dashboard-stats 143ms","meta":{},"timestamp":"2026-06-22T10:09:38.092Z"}
{"level":"info","message":"304 GET /api/logs?page=1&limit=10&search=&severity=&status=&sortField=timestamp&sortOrder=desc 74ms","meta":{},"timestamp":"2026-06-22T10:09:38.103Z"}
{"level":"info","message":"304 GET /api/dashboard-stats 126ms","meta":{},"timestamp":"2026-06-22T10:09:38.220Z"}
{"level":"info","message":"304 GET /api/logs?page=1&limit=10&search=&severity=&status=&sortField=timestamp&sortOrder=desc 64ms","meta":{},"timestamp":"2026-06-22T10:12:22.328Z"}
{"level":"info","message":"304 GET /api/logs?page=1&limit=10&search=&severity=&status=&sortField=timestamp&sortOrder=desc 64ms","meta":{},"timestamp":"2026-06-22T10:12:22.393Z"}
{"level":"info","message":"304 GET /api/dashboard-stats 139ms","meta":{},"timestamp":"2026-06-22T10:12:22.404Z"}
{"level":"info","message":"304 GET /api/dashboard-stats 144ms","meta":{},"timestamp":"2026-06-22T10:12:22.549Z"}
{"level":"info","message":"304 GET /api/logs?page=1&limit=10&search=&severity=&status=&sortField=timestamp&sortOrder=desc 76ms","meta":{},"timestamp":"2026-06-22T10:15:14.660Z"}
{"level":"info","message":"304 GET /api/dashboard-stats 132ms","meta":{},"timestamp":"2026-06-22T10:15:14.719Z"}
{"level":"info","message":"304 GET /api/logs?page=1&limit=10&search=&severity=&status=&sortField=timestamp&sortOrder=desc 76ms","meta":{},"timestamp":"2026-06-22T10:15:14.738Z"}
{"level":"info","message":"304 GET /api/dashboard-stats 127ms","meta":{},"timestamp":"2026-06-22T10:15:14.847Z"}
{"level":"info","message":"304 GET /api/logs?page=1&limit=10&search=&severity=&status=&sortField=timestamp&sortOrder=desc 71ms","meta":{},"timestamp":"2026-06-22T10:29:50.347Z"}
{"level":"info","message":"304 GET /api/dashboard-stats 143ms","meta":{},"timestamp":"2026-06-22T10:29:50.421Z"}
{"level":"info","message":"304 GET /api/logs?page=1&limit=10&search=&severity=&status=&sortField=timestamp&sortOrder=desc 71ms","meta":{},"timestamp":"2026-06-22T10:31:12.346Z"}
{"level":"info","message":"304 GET /api/dashboard-stats 134ms","meta":{},"timestamp":"2026-06-22T10:31:12.411Z"}
{"level":"info","message":"304 GET /api/logs?page=1&limit=10&search=&severity=&status=&sortField=timestamp&sortOrder=desc 67ms","meta":{},"timestamp":"2026-06-22T10:31:17.333Z"}
{"level":"info","message":"304 GET /api/dashboard-stats 140ms","meta":{},"timestamp":"2026-06-22T10:31:17.406Z"}
{"level":"info","message":"304 GET /api/logs?page=1&limit=10&search=&severity=&status=&sortField=timestamp&sortOrder=desc 71ms","meta":{},"timestamp":"2026-06-22T10:33:24.337Z"}
{"level":"info","message":"304 GET /api/dashboard-stats 129ms","meta":{},"timestamp":"2026-06-22T10:33:24.395Z"}
{"level":"info","message":"304 GET /api/logs?page=1&limit=10&search=&severity=&status=&sortField=timestamp&sortOrder=desc 63ms","meta":{},"timestamp":"2026-06-22T10:33:28.338Z"}
{"level":"info","message":"304 GET /api/dashboard-stats 164ms","meta":{},"timestamp":"2026-06-22T10:33:28.440Z"}
{"level":"info","message":"304 GET /api/logs?page=1&limit=10&search=&severity=&status=&sortField=timestamp&sortOrder=desc 75ms","meta":{},"timestamp":"2026-06-22T10:33:33.338Z"}
{"level":"info","message":"304 GET /api/dashboard-stats 122ms","meta":{},"timestamp":"2026-06-22T10:33:33.386Z"}
{"level":"info","message":"304 GET /api/logs?page=1&limit=10&search=&severity=&status=&sortField=timestamp&sortOrder=desc 65ms","meta":{},"timestamp":"2026-06-22T10:33:37.330Z"}
{"level":"info","message":"304 GET /api/dashboard-stats 140ms","meta":{},"timestamp":"2026-06-22T10:33:37.405Z"}
{"level":"info","message":"304 GET /api/logs?page=1&limit=10&search=&severity=&status=&sortField=timestamp&sortOrder=desc 76ms","meta":{},"timestamp":"2026-06-22T10:33:39.341Z"}
{"level":"info","message":"304 GET /api/dashboard-stats 124ms","meta":{},"timestamp":"2026-06-22T10:33:39.390Z"}
{"level":"info","message":"304 GET /api/logs?page=1&limit=10&search=&severity=&status=&sortField=timestamp&sortOrder=desc 62ms","meta":{},"timestamp":"2026-06-22T10:33:43.325Z"}
{"level":"info","message":"304 GET /api/dashboard-stats 139ms","meta":{},"timestamp":"2026-06-22T10:33:43.403Z"}
{"level":"info","message":"304 GET /api/logs?page=1&limit=10&search=&severity=&status=&sortField=timestamp&sortOrder=desc 70ms","meta":{},"timestamp":"2026-06-22T10:33:47.333Z"}
{"level":"info","message":"304 GET /api/dashboard-stats 119ms","meta":{},"timestamp":"2026-06-22T10:33:47.384Z"}
{"level":"info","message":"304 GET /api/logs?page=1&limit=10&search=&severity=&status=&sortField=timestamp&sortOrder=desc 63ms","meta":{},"timestamp":"2026-06-22T10:35:02.331Z"}
{"level":"info","message":"304 GET /api/dashboard-stats 138ms","meta":{},"timestamp":"2026-06-22T10:35:02.410Z"}
{"level":"info","message":"304 GET /api/logs?page=1&limit=10&search=&severity=&status=&sortField=timestamp&sortOrder=desc 72ms","meta":{},"timestamp":"2026-06-22T10:35:13.088Z"}
{"level":"info","message":"304 GET /api/dashboard-stats 123ms","meta":{},"timestamp":"2026-06-22T10:35:13.139Z"}
{"level":"info","message":"304 GET /api/logs?page=1&limit=10&search=&severity=&status=&sortField=timestamp&sortOrder=desc 60ms","meta":{},"timestamp":"2026-06-22T10:35:24.333Z"}
{"level":"info","message":"304 GET /api/dashboard-stats 179ms","meta":{},"timestamp":"2026-06-22T10:35:24.454Z"}
{"level":"info","message":"304 GET /api/logs?page=1&limit=10&search=&severity=&status=&sortField=timestamp&sortOrder=desc 71ms","meta":{},"timestamp":"2026-06-22T10:35:27.340Z"}
{"level":"info","message":"304 GET /api/dashboard-stats 119ms","meta":{},"timestamp":"2026-06-22T10:35:27.391Z"}
{"level":"info","message":"304 GET /api/logs?page=1&limit=10&search=&severity=&status=&sortField=timestamp&sortOrder=desc 65ms","meta":{},"timestamp":"2026-06-22T10:35:28.342Z"}
{"level":"info","message":"304 GET /api/dashboard-stats 166ms","meta":{},"timestamp":"2026-06-22T10:35:28.455Z"}
{"level":"info","message":"304 GET /api/logs?page=1&limit=10&search=&severity=&status=&sortField=timestamp&sortOrder=desc 75ms","meta":{},"timestamp":"2026-06-22T10:38:17.351Z"}
{"level":"info","message":"304 GET /api/dashboard-stats 121ms","meta":{},"timestamp":"2026-06-22T10:38:17.398Z"}
{"level":"info","message":"304 GET /api/logs?page=1&limit=10&search=&severity=&status=&sortField=timestamp&sortOrder=desc 66ms","meta":{},"timestamp":"2026-06-22T10:38:38.331Z"}
{"level":"info","message":"304 GET /api/dashboard-stats 142ms","meta":{},"timestamp":"2026-06-22T10:38:38.410Z"}
{"level":"info","message":"304 GET /api/logs?page=1&limit=10&search=&severity=&status=&sortField=timestamp&sortOrder=desc 76ms","meta":{},"timestamp":"2026-06-22T10:38:40.352Z"}
{"level":"info","message":"304 GET /api/dashboard-stats 126ms","meta":{},"timestamp":"2026-06-22T10:38:40.404Z"}
{"level":"info","message":"304 GET /api/logs?page=1&limit=10&search=&severity=&status=&sortField=timestamp&sortOrder=desc 71ms","meta":{},"timestamp":"2026-06-22T10:41:21.166Z"}
{"level":"info","message":"304 GET /api/logs?page=1&limit=10&search=&severity=&status=&sortField=timestamp&sortOrder=desc 69ms","meta":{},"timestamp":"2026-06-22T10:41:21.239Z"}
{"level":"info","message":"304 GET /api/dashboard-stats 145ms","meta":{},"timestamp":"2026-06-22T10:41:21.242Z"}
{"level":"info","message":"304 GET /api/dashboard-stats 143ms","meta":{},"timestamp":"2026-06-22T10:41:21.387Z"}
{"level":"info","message":"304 GET /api/logs?page=1&limit=10&search=&severity=&status=&sortField=timestamp&sortOrder=desc 73ms","meta":{},"timestamp":"2026-06-22T10:41:42.347Z"}
{"level":"info","message":"304 GET /api/dashboard-stats 136ms","meta":{},"timestamp":"2026-06-22T10:41:42.411Z"}
{"level":"info","message":"304 GET /api/logs?page=1&limit=10&search=&severity=&status=&sortField=timestamp&sortOrder=desc 68ms","meta":{},"timestamp":"2026-06-22T10:41:49.333Z"}
{"level":"info","message":"304 GET /api/dashboard-stats 140ms","meta":{},"timestamp":"2026-06-22T10:41:49.406Z"}
{"level":"info","message":"304 GET /api/logs?page=1&limit=10&search=&severity=&status=&sortField=timestamp&sortOrder=desc 103ms","meta":{},"timestamp":"2026-06-22T10:41:53.380Z"}
{"level":"info","message":"304 GET /api/dashboard-stats 148ms","meta":{},"timestamp":"2026-06-22T10:41:53.452Z"}
{"level":"info","message":"304 GET /api/logs?page=1&limit=10&search=&severity=&status=&sortField=timestamp&sortOrder=desc 68ms","meta":{},"timestamp":"2026-06-22T10:42:02.342Z"}
{"level":"info","message":"304 GET /api/dashboard-stats 144ms","meta":{},"timestamp":"2026-06-22T10:42:02.420Z"}
{"level":"info","message":"304 GET /api/logs?page=1&limit=10&search=&severity=&status=&sortField=timestamp&sortOrder=desc 71ms","meta":{},"timestamp":"2026-06-22T10:42:06.349Z"}
{"level":"info","message":"304 GET /api/dashboard-stats 132ms","meta":{},"timestamp":"2026-06-22T10:42:06.415Z"}
{"level":"info","message":"304 GET /api/logs?page=1&limit=10&search=&severity=&status=&sortField=timestamp&sortOrder=desc 68ms","meta":{},"timestamp":"2026-06-22T10:42:09.336Z"}
{"level":"info","message":"304 GET /api/dashboard-stats 140ms","meta":{},"timestamp":"2026-06-22T10:42:09.410Z"}
{"level":"info","message":"304 GET /api/logs?page=1&limit=10&search=&severity=&status=&sortField=timestamp&sortOrder=desc 95ms","meta":{},"timestamp":"2026-06-22T10:42:13.365Z"}
{"level":"info","message":"304 GET /api/dashboard-stats 134ms","meta":{},"timestamp":"2026-06-22T10:42:13.404Z"}
{"level":"info","message":"304 GET /api/logs?page=1&limit=10&search=&severity=&status=&sortField=timestamp&sortOrder=desc 67ms","meta":{},"timestamp":"2026-06-22T10:42:14.335Z"}
{"level":"info","message":"304 GET /api/dashboard-stats 136ms","meta":{},"timestamp":"2026-06-22T10:42:14.405Z"}
{"level":"info","message":"304 GET /api/logs?page=1&limit=10&search=&severity=&status=&sortField=timestamp&sortOrder=desc 71ms","meta":{},"timestamp":"2026-06-22T10:42:23.339Z"}
{"level":"info","message":"304 GET /api/dashboard-stats 135ms","meta":{},"timestamp":"2026-06-22T10:42:23.404Z"}
{"level":"info","message":"304 GET /api/logs?page=1&limit=10&search=&severity=&status=&sortField=timestamp&sortOrder=desc 82ms","meta":{},"timestamp":"2026-06-22T10:42:30.359Z"}
{"level":"info","message":"304 GET /api/dashboard-stats 152ms","meta":{},"timestamp":"2026-06-22T10:42:30.430Z"}
{"level":"info","message":"304 GET /api/logs?page=1&limit=10&search=&severity=&status=&sortField=timestamp&sortOrder=desc 74ms","meta":{},"timestamp":"2026-06-22T10:42:34.344Z"}
{"level":"info","message":"304 GET /api/dashboard-stats 136ms","meta":{},"timestamp":"2026-06-22T10:42:34.407Z"}
{"level":"info","message":"304 GET /api/logs?page=1&limit=10&search=&severity=&status=&sortField=timestamp&sortOrder=desc 70ms","meta":{},"timestamp":"2026-06-22T10:45:31.344Z"}
{"level":"info","message":"304 GET /api/dashboard-stats 141ms","meta":{},"timestamp":"2026-06-22T10:45:31.417Z"}
{"level":"info","message":"304 GET /api/logs?page=1&limit=10&search=&severity=&status=&sortField=timestamp&sortOrder=desc 73ms","meta":{},"timestamp":"2026-06-22T10:45:31.420Z"}
{"level":"info","message":"304 GET /api/dashboard-stats 137ms","meta":{},"timestamp":"2026-06-22T10:45:31.558Z"}
{"level":"info","message":"304 GET /api/logs?page=1&limit=10&search=&severity=&status=&sortField=timestamp&sortOrder=desc 70ms","meta":{},"timestamp":"2026-06-22T10:45:51.338Z"}
{"level":"info","message":"304 GET /api/logs?page=1&limit=10&search=&severity=&status=&sortField=timestamp&sortOrder=desc 68ms","meta":{},"timestamp":"2026-06-22T10:45:51.409Z"}
{"level":"info","message":"304 GET /api/dashboard-stats 141ms","meta":{},"timestamp":"2026-06-22T10:45:51.413Z"}
{"level":"info","message":"304 GET /api/dashboard-stats 141ms","meta":{},"timestamp":"2026-06-22T10:45:51.555Z"}
{"level":"info","message":"304 GET /api/logs?page=2&limit=10&search=&severity=&status=&sortField=timestamp&sortOrder=desc 66ms","meta":{},"timestamp":"2026-06-22T11:16:09.585Z"}
{"level":"info","message":"304 GET /api/dashboard-stats 172ms","meta":{},"timestamp":"2026-06-22T11:16:09.666Z"}
{"level":"info","message":"304 GET /api/logs?page=1&limit=10&search=&severity=&status=&sortField=timestamp&sortOrder=desc 74ms","meta":{},"timestamp":"2026-06-22T11:16:11.689Z"}
{"level":"info","message":"304 GET /api/dashboard-stats 129ms","meta":{},"timestamp":"2026-06-22T11:16:11.747Z"}
{"level":"info","message":"200 GET /api/logs?page=1&limit=10&search=&severity=&status=&sortField=timestamp&sortOrder=desc 108ms","meta":{},"timestamp":"2026-06-22T11:20:36.427Z"}
{"level":"info","message":"200 GET /api/dashboard-stats 179ms","meta":{},"timestamp":"2026-06-22T11:20:36.509Z"}
{"level":"info","message":"200 GET /api/logs?page=1&limit=10&search=&severity=&status=&sortField=timestamp&sortOrder=desc 480ms","meta":{},"timestamp":"2026-06-22T11:20:36.815Z"}
{"level":"info","message":"200 GET /api/dashboard-stats 494ms","meta":{},"timestamp":"2026-06-22T11:20:36.873Z"}
{"level":"info","message":"304 GET /api/logs?page=2&limit=10&search=&severity=&status=&sortField=timestamp&sortOrder=desc 66ms","meta":{},"timestamp":"2026-06-22T11:20:44.158Z"}
{"level":"info","message":"304 GET /api/dashboard-stats 131ms","meta":{},"timestamp":"2026-06-22T11:20:44.225Z"}
{"level":"info","message":"304 GET /api/logs?page=1&limit=10&search=&severity=&status=&sortField=timestamp&sortOrder=desc 65ms","meta":{},"timestamp":"2026-06-22T11:20:46.172Z"}
{"level":"info","message":"304 GET /api/dashboard-stats 131ms","meta":{},"timestamp":"2026-06-22T11:20:46.239Z"}
{"level":"info","message":"304 GET /api/logs?page=2&limit=10&search=&severity=&status=&sortField=timestamp&sortOrder=desc 67ms","meta":{},"timestamp":"2026-06-22T11:20:48.738Z"}
{"level":"info","message":"304 GET /api/dashboard-stats 141ms","meta":{},"timestamp":"2026-06-22T11:20:48.814Z"}
{"level":"info","message":"204 OPTIONS /api/upload 3ms","meta":{},"timestamp":"2026-06-22T11:21:01.224Z"}
{"level":"info","message":"201 POST /api/upload 138ms","meta":{},"timestamp":"2026-06-22T11:21:01.365Z"}
{"level":"info","message":"200 GET /api/logs?page=2&limit=10&search=&severity=&status=&sortField=timestamp&sortOrder=desc 68ms","meta":{},"timestamp":"2026-06-22T11:21:03.315Z"}
{"level":"info","message":"201 POST /api/upload 68ms","meta":{},"timestamp":"2026-06-22T11:21:11.282Z"}
{"level":"info","message":"200 GET /api/logs?page=2&limit=10&search=&severity=&status=&sortField=timestamp&sortOrder=desc 68ms","meta":{},"timestamp":"2026-06-22T11:21:14.073Z"}
{"level":"info","message":"200 GET /api/logs?page=3&limit=10&search=&severity=&status=&sortField=timestamp&sortOrder=desc 65ms","meta":{},"timestamp":"2026-06-22T11:21:16.940Z"}
{"level":"info","message":"200 GET /api/dashboard-stats 135ms","meta":{},"timestamp":"2026-06-22T11:21:17.012Z"}
{"level":"info","message":"201 POST /api/upload 42ms","meta":{},"timestamp":"2026-06-22T11:21:26.746Z"}
{"level":"info","message":"200 GET /api/logs?page=3&limit=10&search=&severity=&status=&sortField=timestamp&sortOrder=desc 69ms","meta":{},"timestamp":"2026-06-22T11:21:28.674Z"}
{"level":"info","message":"201 POST /api/upload 44ms","meta":{},"timestamp":"2026-06-22T11:21:35.728Z"}
{"level":"info","message":"200 GET /api/logs?page=3&limit=10&search=&severity=&status=&sortField=timestamp&sortOrder=desc 70ms","meta":{},"timestamp":"2026-06-22T11:21:37.409Z"}
{"level":"info","message":"201 POST /api/upload 39ms","meta":{},"timestamp":"2026-06-22T11:21:38.630Z"}
{"level":"info","message":"200 GET /api/logs?page=3&limit=10&search=&severity=&status=&sortField=timestamp&sortOrder=desc 69ms","meta":{},"timestamp":"2026-06-22T11:21:39.972Z"}
{"level":"info","message":"201 POST /api/upload 65ms","meta":{},"timestamp":"2026-06-22T11:21:43.589Z"}
{"level":"info","message":"200 GET /api/logs?page=3&limit=10&search=&severity=&status=&sortField=timestamp&sortOrder=desc 70ms","meta":{},"timestamp":"2026-06-22T11:21:44.854Z"}
{"level":"info","message":"201 POST /api/upload 40ms","meta":{},"timestamp":"2026-06-22T11:21:47.644Z"}
{"level":"info","message":"200 GET /api/logs?page=3&limit=10&search=&severity=&status=&sortField=timestamp&sortOrder=desc 67ms","meta":{},"timestamp":"2026-06-22T11:21:48.820Z"}
{"level":"info","message":"201 POST /api/upload 42ms","meta":{},"timestamp":"2026-06-22T11:21:52.522Z"}
{"level":"info","message":"200 GET /api/logs?page=3&limit=10&search=&severity=&status=&sortField=timestamp&sortOrder=desc 68ms","meta":{},"timestamp":"2026-06-22T11:21:53.906Z"}
{"level":"info","message":"201 POST /api/upload 42ms","meta":{},"timestamp":"2026-06-22T11:21:55.260Z"}
{"level":"info","message":"200 GET /api/logs?page=3&limit=10&search=&severity=&status=&sortField=timestamp&sortOrder=desc 67ms","meta":{},"timestamp":"2026-06-22T11:21:56.421Z"}
{"level":"info","message":"200 GET /api/logs?page=4&limit=10&search=&severity=&status=&sortField=timestamp&sortOrder=desc 76ms","meta":{},"timestamp":"2026-06-22T11:22:00.783Z"}
{"level":"info","message":"200 GET /api/dashboard-stats 137ms","meta":{},"timestamp":"2026-06-22T11:22:00.849Z"}
{"level":"info","message":"304 GET /api/logs?page=3&limit=10&search=&severity=&status=&sortField=timestamp&sortOrder=desc 66ms","meta":{},"timestamp":"2026-06-22T11:22:04.569Z"}
{"level":"info","message":"304 GET /api/dashboard-stats 132ms","meta":{},"timestamp":"2026-06-22T11:22:04.636Z"}
{"level":"info","message":"304 GET /api/logs?page=4&limit=10&search=&severity=&status=&sortField=timestamp&sortOrder=desc 66ms","meta":{},"timestamp":"2026-06-22T11:22:55.349Z"}
{"level":"info","message":"304 GET /api/dashboard-stats 135ms","meta":{},"timestamp":"2026-06-22T11:22:55.420Z"}
{"level":"info","message":"200 GET /api/logs?page=1&limit=10&search=a&severity=&status=&sortField=timestamp&sortOrder=desc 98ms","meta":{},"timestamp":"2026-06-22T11:25:33.414Z"}
{"level":"info","message":"304 GET /api/dashboard-stats 139ms","meta":{},"timestamp":"2026-06-22T11:25:33.486Z"}
{"level":"info","message":"200 GET /api/logs?page=1&limit=10&search=&severity=&status=&sortField=timestamp&sortOrder=desc 71ms","meta":{},"timestamp":"2026-06-22T11:25:35.116Z"}
{"level":"info","message":"304 GET /api/dashboard-stats 136ms","meta":{},"timestamp":"2026-06-22T11:25:35.184Z"}
{"level":"info","message":"200 GET /api/logs?page=1&limit=10&search=&severity=&status=&sortField=timestamp&sortOrder=asc 65ms","meta":{},"timestamp":"2026-06-22T11:25:38.191Z"}
{"level":"info","message":"304 GET /api/dashboard-stats 142ms","meta":{},"timestamp":"2026-06-22T11:25:38.257Z"}
{"level":"info","message":"200 GET /api/logs?page=2&limit=10&search=&severity=&status=&sortField=timestamp&sortOrder=asc 70ms","meta":{},"timestamp":"2026-06-22T11:25:43.022Z"}
{"level":"info","message":"304 GET /api/dashboard-stats 134ms","meta":{},"timestamp":"2026-06-22T11:25:43.089Z"}
{"level":"info","message":"200 GET /api/logs?page=3&limit=10&search=&severity=&status=&sortField=timestamp&sortOrder=asc 71ms","meta":{},"timestamp":"2026-06-22T11:25:45.267Z"}
{"level":"info","message":"304 GET /api/dashboard-stats 138ms","meta":{},"timestamp":"2026-06-22T11:25:45.335Z"}
{"level":"info","message":"200 GET /api/logs?page=4&limit=10&search=&severity=&status=&sortField=timestamp&sortOrder=asc 70ms","meta":{},"timestamp":"2026-06-22T11:25:47.522Z"}
{"level":"info","message":"304 GET /api/dashboard-stats 135ms","meta":{},"timestamp":"2026-06-22T11:25:47.590Z"}
{"level":"info","message":"200 GET /api/logs?page=5&limit=10&search=&severity=&status=&sortField=timestamp&sortOrder=asc 67ms","meta":{},"timestamp":"2026-06-22T11:25:50.158Z"}
{"level":"info","message":"304 GET /api/dashboard-stats 127ms","meta":{},"timestamp":"2026-06-22T11:25:50.220Z"}
{"level":"info","message":"304 GET /api/logs?page=4&limit=10&search=&severity=&status=&sortField=timestamp&sortOrder=asc 69ms","meta":{},"timestamp":"2026-06-22T11:25:52.513Z"}
{"level":"info","message":"304 GET /api/dashboard-stats 130ms","meta":{},"timestamp":"2026-06-22T11:25:52.576Z"}
{"level":"info","message":"304 GET /api/logs?page=1&limit=10&search=&severity=&status=&sortField=timestamp&sortOrder=desc 72ms","meta":{},"timestamp":"2026-06-22T11:25:59.392Z"}
{"level":"info","message":"304 GET /api/dashboard-stats 130ms","meta":{},"timestamp":"2026-06-22T11:25:59.454Z"}
{"level":"info","message":"304 GET /api/logs?page=1&limit=10&search=&severity=&status=&sortField=timestamp&sortOrder=desc 179ms","meta":{},"timestamp":"2026-06-22T11:26:06.150Z"}
{"level":"info","message":"304 GET /api/dashboard-stats 246ms","meta":{},"timestamp":"2026-06-22T11:26:06.219Z"}
{"level":"info","message":"304 GET /api/logs?page=1&limit=10&search=&severity=&status=&sortField=timestamp&sortOrder=desc 67ms","meta":{},"timestamp":"2026-06-22T11:26:06.222Z"}
{"level":"info","message":"304 GET /api/dashboard-stats 129ms","meta":{},"timestamp":"2026-06-22T11:26:06.353Z"}
{"level":"info","message":"200 GET /api/logs?page=2&limit=10&search=&severity=&status=&sortField=timestamp&sortOrder=desc 69ms","meta":{},"timestamp":"2026-06-22T11:29:32.653Z"}
{"level":"info","message":"304 GET /api/dashboard-stats 134ms","meta":{},"timestamp":"2026-06-22T11:29:32.723Z"}
{"level":"info","message":"304 GET /api/logs?page=3&limit=10&search=&severity=&status=&sortField=timestamp&sortOrder=desc 70ms","meta":{},"timestamp":"2026-06-22T11:29:35.414Z"}
{"level":"info","message":"304 GET /api/dashboard-stats 130ms","meta":{},"timestamp":"2026-06-22T11:29:35.477Z"}
{"level":"info","message":"304 GET /api/logs?page=4&limit=10&search=&severity=&status=&sortField=timestamp&sortOrder=desc 73ms","meta":{},"timestamp":"2026-06-22T11:29:39.942Z"}
{"level":"info","message":"304 GET /api/dashboard-stats 138ms","meta":{},"timestamp":"2026-06-22T11:29:40.010Z"}
{"level":"info","message":"200 GET /api/logs?page=5&limit=10&search=&severity=&status=&sortField=timestamp&sortOrder=desc 69ms","meta":{},"timestamp":"2026-06-22T11:31:05.950Z"}
{"level":"info","message":"304 GET /api/dashboard-stats 133ms","meta":{},"timestamp":"2026-06-22T11:31:06.018Z"}
{"level":"info","message":"200 GET /api/logs?page=6&limit=10&search=&severity=&status=&sortField=timestamp&sortOrder=desc 66ms","meta":{},"timestamp":"2026-06-22T11:31:14.085Z"}
{"level":"info","message":"304 GET /api/dashboard-stats 134ms","meta":{},"timestamp":"2026-06-22T11:31:14.154Z"}
{"level":"info","message":"304 GET /api/logs?page=5&limit=10&search=&severity=&status=&sortField=timestamp&sortOrder=desc 65ms","meta":{},"timestamp":"2026-06-22T11:31:23.956Z"}
{"level":"info","message":"304 GET /api/dashboard-stats 130ms","meta":{},"timestamp":"2026-06-22T11:31:24.024Z"}
{"level":"info","message":"304 GET /api/logs?page=4&limit=10&search=&severity=&status=&sortField=timestamp&sortOrder=desc 68ms","meta":{},"timestamp":"2026-06-22T11:31:27.637Z"}
{"level":"info","message":"304 GET /api/dashboard-stats 135ms","meta":{},"timestamp":"2026-06-22T11:31:27.709Z"}
{"level":"info","message":"304 GET /api/logs?page=4&limit=10&search=&severity=&status=&sortField=timestamp&sortOrder=desc 69ms","meta":{},"timestamp":"2026-06-22T11:31:39.276Z"}
{"level":"info","message":"304 GET /api/dashboard-stats 147ms","meta":{},"timestamp":"2026-06-22T11:31:39.356Z"}
{"level":"info","message":"304 GET /api/logs?page=4&limit=10&search=&severity=&status=&sortField=timestamp&sortOrder=desc 81ms","meta":{},"timestamp":"2026-06-22T11:31:43.203Z"}
{"level":"info","message":"304 GET /api/dashboard-stats 177ms","meta":{},"timestamp":"2026-06-22T11:31:43.302Z"}
{"level":"info","message":"304 GET /api/logs?page=4&limit=10&search=&severity=&status=&sortField=timestamp&sortOrder=desc 66ms","meta":{},"timestamp":"2026-06-22T11:31:48.682Z"}
{"level":"info","message":"304 GET /api/dashboard-stats 134ms","meta":{},"timestamp":"2026-06-22T11:31:48.751Z"}
{"level":"info","message":"304 GET /api/logs?page=4&limit=10&search=&severity=&status=&sortField=timestamp&sortOrder=desc 65ms","meta":{},"timestamp":"2026-06-22T11:32:09.332Z"}
{"level":"info","message":"304 GET /api/dashboard-stats 130ms","meta":{},"timestamp":"2026-06-22T11:32:09.398Z"}
{"level":"info","message":"304 GET /api/logs?page=1&limit=10&search=&severity=&status=&sortField=timestamp&sortOrder=desc 70ms","meta":{},"timestamp":"2026-06-22T11:39:21.351Z"}
{"level":"info","message":"304 GET /api/dashboard-stats 130ms","meta":{},"timestamp":"2026-06-22T11:39:21.414Z"}
{"level":"info","message":"304 GET /api/logs?page=1&limit=10&search=&severity=&status=&sortField=timestamp&sortOrder=desc 65ms","meta":{},"timestamp":"2026-06-22T11:39:21.418Z"}
{"level":"info","message":"304 GET /api/dashboard-stats 127ms","meta":{},"timestamp":"2026-06-22T11:39:21.543Z"}
{"level":"info","message":"304 GET /api/logs?page=1&limit=10&search=&severity=&status=&sortField=timestamp&sortOrder=desc 67ms","meta":{},"timestamp":"2026-06-22T11:39:35.380Z"}
{"level":"info","message":"304 GET /api/dashboard-stats 148ms","meta":{},"timestamp":"2026-06-22T11:39:35.456Z"}
{"level":"info","message":"304 GET /api/logs?page=1&limit=10&search=&severity=&status=&sortField=timestamp&sortOrder=desc 68ms","meta":{},"timestamp":"2026-06-22T11:40:00.342Z"}
{"level":"info","message":"304 GET /api/dashboard-stats 130ms","meta":{},"timestamp":"2026-06-22T11:40:00.407Z"}
{"level":"info","message":"304 GET /api/logs?page=1&limit=10&search=&severity=&status=&sortField=timestamp&sortOrder=desc 65ms","meta":{},"timestamp":"2026-06-22T11:40:07.343Z"}
{"level":"info","message":"304 GET /api/dashboard-stats 129ms","meta":{},"timestamp":"2026-06-22T11:40:07.407Z"}
{"level":"info","message":"304 GET /api/logs?page=1&limit=10&search=&severity=&status=&sortField=timestamp&sortOrder=desc 65ms","meta":{},"timestamp":"2026-06-22T11:41:39.553Z"}
{"level":"info","message":"304 GET /api/dashboard-stats 133ms","meta":{},"timestamp":"2026-06-22T11:41:39.623Z"}
{"level":"info","message":"304 GET /api/logs?page=1&limit=10&search=&severity=&status=&sortField=timestamp&sortOrder=desc 76ms","meta":{},"timestamp":"2026-06-22T11:41:39.635Z"}
{"level":"info","message":"304 GET /api/dashboard-stats 148ms","meta":{},"timestamp":"2026-06-22T11:41:39.773Z"}
{"level":"info","message":"200 GET /api/logs?page=1&limit=10&search=&severity=&status=&sortField=timestamp&sortOrder=desc 87ms","meta":{},"timestamp":"2026-06-22T11:43:36.541Z"}
{"level":"info","message":"200 GET /api/dashboard-stats 147ms","meta":{},"timestamp":"2026-06-22T11:43:36.603Z"}
{"level":"info","message":"200 GET /api/logs?page=1&limit=10&search=&severity=&status=&sortField=timestamp&sortOrder=desc 81ms","meta":{},"timestamp":"2026-06-22T11:43:41.839Z"}
{"level":"info","message":"200 GET /api/dashboard-stats 690ms","meta":{},"timestamp":"2026-06-22T11:43:42.449Z"}
{"level":"info","message":"304 GET /api/logs?page=1&limit=10&search=&severity=&status=&sortField=timestamp&sortOrder=desc 69ms","meta":{},"timestamp":"2026-06-22T11:43:47.869Z"}
{"level":"info","message":"304 GET /api/dashboard-stats 140ms","meta":{},"timestamp":"2026-06-22T11:43:47.941Z"}
{"level":"info","message":"200 GET /api/logs?page=1&limit=10&search=&severity=MEDIUM&status=&sortField=timestamp&sortOrder=desc 75ms","meta":{},"timestamp":"2026-06-22T11:44:45.497Z"}
{"level":"info","message":"304 GET /api/dashboard-stats 132ms","meta":{},"timestamp":"2026-06-22T11:44:45.560Z"}
{"level":"info","message":"200 GET /api/logs?page=2&limit=10&search=&severity=MEDIUM&status=&sortField=timestamp&sortOrder=desc 67ms","meta":{},"timestamp":"2026-06-22T11:44:47.836Z"}
{"level":"info","message":"304 GET /api/dashboard-stats 140ms","meta":{},"timestamp":"2026-06-22T11:44:47.911Z"}
{"level":"info","message":"200 GET /api/logs?page=1&limit=10&search=&severity=MEDIUM&status=Resolved&sortField=timestamp&sortOrder=desc 75ms","meta":{},"timestamp":"2026-06-22T11:44:51.454Z"}
{"level":"info","message":"304 GET /api/dashboard-stats 133ms","meta":{},"timestamp":"2026-06-22T11:44:51.515Z"}
{"level":"info","message":"200 GET /api/logs?page=2&limit=10&search=&severity=MEDIUM&status=Resolved&sortField=timestamp&sortOrder=desc 64ms","meta":{},"timestamp":"2026-06-22T11:44:56.828Z"}
{"level":"info","message":"304 GET /api/dashboard-stats 137ms","meta":{},"timestamp":"2026-06-22T11:44:56.901Z"}
{"level":"info","message":"200 GET /api/logs?page=1&limit=10&search=&severity=MEDIUM&status=Unresolved&sortField=timestamp&sortOrder=desc 71ms","meta":{},"timestamp":"2026-06-22T11:45:00.291Z"}
{"level":"info","message":"304 GET /api/dashboard-stats 131ms","meta":{},"timestamp":"2026-06-22T11:45:00.356Z"}
{"level":"info","message":"304 GET /api/logs?page=1&limit=10&search=&severity=&status=&sortField=timestamp&sortOrder=desc 68ms","meta":{},"timestamp":"2026-06-22T11:45:05.240Z"}
{"level":"info","message":"304 GET /api/dashboard-stats 142ms","meta":{},"timestamp":"2026-06-22T11:45:05.315Z"}
{"level":"info","message":"200 GET /api/logs?page=1&limit=10&search=&severity=&status=Resolved&sortField=timestamp&sortOrder=desc 74ms","meta":{},"timestamp":"2026-06-22T11:45:13.485Z"}
{"level":"info","message":"304 GET /api/dashboard-stats 135ms","meta":{},"timestamp":"2026-06-22T11:45:13.549Z"}
{"level":"info","message":"200 GET /api/logs?page=1&limit=10&search=&severity=&status=Unresolved&sortField=timestamp&sortOrder=desc 68ms","meta":{},"timestamp":"2026-06-22T11:45:15.404Z"}
{"level":"info","message":"304 GET /api/dashboard-stats 140ms","meta":{},"timestamp":"2026-06-22T11:45:15.477Z"}
{"level":"info","message":"304 GET /api/logs?page=1&limit=10&search=&severity=MEDIUM&status=Unresolved&sortField=timestamp&sortOrder=desc 75ms","meta":{},"timestamp":"2026-06-22T11:45:18.479Z"}
{"level":"info","message":"304 GET /api/dashboard-stats 134ms","meta":{},"timestamp":"2026-06-22T11:45:18.542Z"}
{"level":"info","message":"304 GET /api/logs?page=1&limit=10&search=&severity=&status=&sortField=timestamp&sortOrder=desc 67ms","meta":{},"timestamp":"2026-06-22T11:45:22.771Z"}
{"level":"info","message":"304 GET /api/dashboard-stats 140ms","meta":{},"timestamp":"2026-06-22T11:45:22.845Z"}
{"level":"info","message":"304 GET /api/logs?page=1&limit=10&search=&severity=&status=&sortField=timestamp&sortOrder=desc 74ms","meta":{},"timestamp":"2026-06-22T12:08:32.352Z"}
{"level":"info","message":"304 GET /api/dashboard-stats 136ms","meta":{},"timestamp":"2026-06-22T12:08:32.415Z"}
{"level":"info","message":"304 GET /api/logs?page=1&limit=10&search=&severity=&status=&sortField=timestamp&sortOrder=desc 67ms","meta":{},"timestamp":"2026-06-22T12:09:54.341Z"}
{"level":"info","message":"304 GET /api/dashboard-stats 134ms","meta":{},"timestamp":"2026-06-22T12:09:54.410Z"}
{"level":"info","message":"304 GET /api/logs?page=1&limit=10&search=&severity=&status=&sortField=timestamp&sortOrder=desc 69ms","meta":{},"timestamp":"2026-06-22T12:10:07.339Z"}
{"level":"info","message":"304 GET /api/dashboard-stats 128ms","meta":{},"timestamp":"2026-06-22T12:10:07.400Z"}
{"level":"info","message":"304 GET /api/logs?page=1&limit=10&search=&severity=&status=&sortField=timestamp&sortOrder=desc 65ms","meta":{},"timestamp":"2026-06-22T12:10:37.332Z"}
{"level":"info","message":"304 GET /api/dashboard-stats 154ms","meta":{},"timestamp":"2026-06-22T12:10:37.421Z"}
{"level":"info","message":"304 GET /api/logs?page=1&limit=10&search=&severity=&status=&sortField=timestamp&sortOrder=desc 65ms","meta":{},"timestamp":"2026-06-22T12:10:40.336Z"}
{"level":"info","message":"304 GET /api/dashboard-stats 127ms","meta":{},"timestamp":"2026-06-22T12:10:40.398Z"}
{"level":"info","message":"304 GET /api/logs?page=1&limit=10&search=&severity=&status=&sortField=timestamp&sortOrder=desc 65ms","meta":{},"timestamp":"2026-06-22T12:10:49.362Z"}
{"level":"info","message":"304 GET /api/dashboard-stats 153ms","meta":{},"timestamp":"2026-06-22T12:10:49.454Z"}
{"level":"info","message":"304 GET /api/logs?page=1&limit=10&search=&severity=&status=&sortField=timestamp&sortOrder=desc 82ms","meta":{},"timestamp":"2026-06-22T12:10:52.360Z"}
{"level":"info","message":"304 GET /api/dashboard-stats 148ms","meta":{},"timestamp":"2026-06-22T12:10:52.427Z"}
{"level":"info","message":"304 GET /api/logs?page=1&limit=10&search=&severity=&status=&sortField=timestamp&sortOrder=desc 72ms","meta":{},"timestamp":"2026-06-22T12:12:13.674Z"}
{"level":"info","message":"304 GET /api/dashboard-stats 131ms","meta":{},"timestamp":"2026-06-22T12:12:13.735Z"}
{"level":"info","message":"304 GET /api/logs?page=1&limit=10&search=&severity=&status=&sortField=timestamp&sortOrder=desc 69ms","meta":{},"timestamp":"2026-06-22T12:12:17.339Z"}
{"level":"info","message":"304 GET /api/dashboard-stats 134ms","meta":{},"timestamp":"2026-06-22T12:12:17.404Z"}
{"level":"info","message":"304 GET /api/logs?page=2&limit=10&search=&severity=&status=&sortField=timestamp&sortOrder=desc 70ms","meta":{},"timestamp":"2026-06-22T12:13:40.718Z"}
{"level":"info","message":"304 GET /api/dashboard-stats 129ms","meta":{},"timestamp":"2026-06-22T12:13:40.753Z"}
{"level":"info","message":"Listening on port 5000","timestamp":"2026-06-22T12:29:49.714Z"}
{"level":"info","message":"204 OPTIONS /api/upload 3ms","meta":{},"timestamp":"2026-06-22T12:29:54.844Z"}
{"level":"info","message":"201 POST /api/upload 190ms","meta":{},"timestamp":"2026-06-22T12:29:55.046Z"}
{"level":"info","message":"200 GET /api/logs?page=1&limit=10&search=&severity=&status=&sortField=timestamp&sortOrder=desc 111ms","meta":{},"timestamp":"2026-06-22T12:29:56.957Z"}
{"level":"info","message":"200 GET /api/dashboard-stats 418ms","meta":{},"timestamp":"2026-06-22T12:29:57.289Z"}
{"level":"info","message":"200 GET /api/logs?page=1&limit=10&search=&severity=&status=&sortField=timestamp&sortOrder=desc 78ms","meta":{},"timestamp":"2026-06-22T12:30:36.303Z"}
{"level":"info","message":"304 GET /api/logs?page=1&limit=10&search=&severity=&status=&sortField=timestamp&sortOrder=desc 77ms","meta":{},"timestamp":"2026-06-22T12:30:36.383Z"}
{"level":"info","message":"200 GET /api/dashboard-stats 158ms","meta":{},"timestamp":"2026-06-22T12:30:36.387Z"}
{"level":"info","message":"304 GET /api/dashboard-stats 155ms","meta":{},"timestamp":"2026-06-22T12:30:36.545Z"}
{"level":"info","message":"304 GET /api/logs?page=1&limit=10&search=&severity=&status=&sortField=timestamp&sortOrder=desc 75ms","meta":{},"timestamp":"2026-06-22T12:32:25.384Z"}
{"level":"info","message":"304 GET /api/dashboard-stats 144ms","meta":{},"timestamp":"2026-06-22T12:32:25.456Z"}
{"level":"info","message":"304 GET /api/logs?page=1&limit=10&search=&severity=&status=&sortField=timestamp&sortOrder=desc 78ms","meta":{},"timestamp":"2026-06-22T12:32:25.464Z"}
{"level":"info","message":"304 GET /api/dashboard-stats 148ms","meta":{},"timestamp":"2026-06-22T12:32:25.609Z"}
{"level":"info","message":"304 GET /api/logs?page=1&limit=10&search=&severity=&status=&sortField=timestamp&sortOrder=desc 72ms","meta":{},"timestamp":"2026-06-22T12:33:28.415Z"}
{"level":"info","message":"304 GET /api/dashboard-stats 145ms","meta":{},"timestamp":"2026-06-22T12:33:28.489Z"}
{"level":"info","message":"201 POST /api/upload 59ms","meta":{},"timestamp":"2026-06-22T12:33:45.742Z"}
{"level":"info","message":"200 GET /api/logs?page=1&limit=10&search=&severity=&status=&sortField=timestamp&sortOrder=desc 83ms","meta":{},"timestamp":"2026-06-22T12:33:47.363Z"}
{"level":"info","message":"200 GET /api/dashboard-stats 158ms","meta":{},"timestamp":"2026-06-22T12:33:47.442Z"}
{"level":"info","message":"200 GET /api/logs?page=1&limit=10&search=&severity=&status=&sortField=timestamp&sortOrder=asc 85ms","meta":{},"timestamp":"2026-06-22T12:33:52.707Z"}
{"level":"info","message":"304 GET /api/dashboard-stats 154ms","meta":{},"timestamp":"2026-06-22T12:33:52.778Z"}
{"level":"info","message":"200 GET /api/logs?page=1&limit=10&search=&severity=&status=Unresolved&sortField=timestamp&sortOrder=asc 77ms","meta":{},"timestamp":"2026-06-22T12:33:55.323Z"}
{"level":"info","message":"304 GET /api/dashboard-stats 153ms","meta":{},"timestamp":"2026-06-22T12:33:55.402Z"}
{"level":"info","message":"200 GET /api/logs?page=1&limit=10&search=&severity=MEDIUM&status=Unresolved&sortField=timestamp&sortOrder=asc 77ms","meta":{},"timestamp":"2026-06-22T12:33:58.041Z"}
{"level":"info","message":"304 GET /api/dashboard-stats 157ms","meta":{},"timestamp":"2026-06-22T12:33:58.125Z"}
{"level":"info","message":"304 GET /api/logs?page=1&limit=10&search=&severity=&status=&sortField=timestamp&sortOrder=desc 73ms","meta":{},"timestamp":"2026-06-22T12:34:04.393Z"}
{"level":"info","message":"304 GET /api/dashboard-stats 148ms","meta":{},"timestamp":"2026-06-22T12:34:04.470Z"}
{"level":"info","message":"304 GET /api/logs?page=1&limit=10&search=&severity=&status=&sortField=timestamp&sortOrder=desc 78ms","meta":{},"timestamp":"2026-06-22T12:34:04.474Z"}
{"level":"info","message":"304 GET /api/dashboard-stats 145ms","meta":{},"timestamp":"2026-06-22T12:34:04.617Z"}
{"level":"info","message":"304 GET /api/logs?page=1&limit=10&search=&severity=&status=&sortField=timestamp&sortOrder=desc 67ms","meta":{},"timestamp":"2026-06-22T12:40:53.263Z"}
{"level":"info","message":"304 GET /api/logs?page=1&limit=10&search=&severity=&status=&sortField=timestamp&sortOrder=desc 68ms","meta":{},"timestamp":"2026-06-22T12:40:53.332Z"}
{"level":"info","message":"304 GET /api/dashboard-stats 146ms","meta":{},"timestamp":"2026-06-22T12:40:53.343Z"}
{"level":"info","message":"304 GET /api/dashboard-stats 148ms","meta":{},"timestamp":"2026-06-22T12:40:53.493Z"}
{"level":"info","message":"Listening on port 5000","timestamp":"2026-06-22T13:21:02.737Z"}
{"level":"info","message":"Listening on port 5000","timestamp":"2026-06-22T13:21:04.363Z"}
{"level":"info","message":"Listening on port 5000","timestamp":"2026-06-22T13:21:08.953Z"}
{"level":"info","message":"Listening on port 5000","timestamp":"2026-06-22T13:21:13.472Z"}
{"level":"info","message":"Listening on port 5000","timestamp":"2026-06-22T13:29:51.706Z"}
{"level":"info","message":"Listening on port 5000","timestamp":"2026-06-22T13:29:54.150Z"}
{"level":"info","message":"Listening on port 5000","timestamp":"2026-06-22T13:30:00.389Z"}
{"level":"info","message":"Listening on port 5000","timestamp":"2026-06-22T13:30:18.523Z"}
{"level":"info","message":"Listening on port 5000","timestamp":"2026-06-22T13:30:20.677Z"}
{"level":"info","message":"Listening on port 5000","timestamp":"2026-06-22T13:30:22.600Z"}
{"level":"info","message":"Listening on port 5000","timestamp":"2026-06-22T13:30:24.791Z"}
{"level":"info","message":"Listening on port 5000","timestamp":"2026-06-22T13:37:42.466Z"}
